<?xml version="1.0" encoding="UTF-8"?>
<testsuite name="ru.nightmirror.atlas.IntersectionTest" tests="10" skipped="0" failures="0" errors="0" timestamp="2023-01-02T21:35:14" hostname="LAPTOP-GUAKR2UR" time="0.023">
  <properties/>
  <testcase name="area_is_invalid()" classname="ru.nightmirror.atlas.IntersectionTest" time="0.015"/>
  <testcase name="check_point_is_on_line()" classname="ru.nightmirror.atlas.IntersectionTest" time="0.001"/>
  <testcase name="check_point_is_not_on_line()" classname="ru.nightmirror.atlas.IntersectionTest" time="0.0"/>
  <testcase name="is_areas_not_intersect()" classname="ru.nightmirror.atlas.IntersectionTest" time="0.001"/>
  <testcase name="is_areas_intersect()" classname="ru.nightmirror.atlas.IntersectionTest" time="0.0"/>
  <testcase name="is_point_inside_area()" classname="ru.nightmirror.atlas.IntersectionTest" time="0.0"/>
  <testcase name="check_line_is_not_intersecting()" classname="ru.nightmirror.atlas.IntersectionTest" time="0.001"/>
  <testcase name="is_point_outside_area()" classname="ru.nightmirror.atlas.IntersectionTest" time="0.0"/>
  <testcase name="area_is_valid()" classname="ru.nightmirror.atlas.IntersectionTest" time="0.0"/>
  <testcase name="check_line_is_intersecting()" classname="ru.nightmirror.atlas.IntersectionTest" time="0.001"/>
  <system-out><![CDATA[]]></system-out>
  <system-err><![CDATA[]]></system-err>
</testsuite>
